Using pre-set license
Built from '2020.2/release' branch; Version is '2020.2.2f1 (068178b99f32) revision 426360'; Using compiler version '192528614'; Build Type 'Release'
OS: 'Windows 10 Home; OS build 19042.1052; Version 2009; 64bit' Language: 'en' Physical Memory: 16310 MB
BatchMode: 1, IsHumanControllingUs: 0, StartBugReporterOnCrash: 0, Is64bit: 1, IsPro: 0

 COMMAND LINE ARGUMENTS:
C:\Program Files\Unity\Hub\Editor\2020.2.2f1\Editor\Unity.exe
-adb2
-batchMode
-noUpm
-name
AssetImportWorker0
-projectPath
C:/Users/ryana/Documents/GitHub/Space Sim Game
-logFile
Logs/AssetImportWorker0.log
-srvPort
54986
Successfully changed project path to: C:/Users/ryana/Documents/GitHub/Space Sim Game
C:/Users/ryana/Documents/GitHub/Space Sim Game
Using Asset Import Pipeline V2.
Refreshing native plugins compatible for Editor in 64.46 ms, found 0 plugins.
Preloading 0 native plugins for Editor in 0.00 ms.
Initialize engine version: 2020.2.2f1 (068178b99f32)
[Subsystems] Discovering subsystems at path C:/Program Files/Unity/Hub/Editor/2020.2.2f1/Editor/Data/Resources/UnitySubsystems
[Subsystems] Discovering subsystems at path C:/Users/ryana/Documents/GitHub/Space Sim Game/Assets
GfxDevice: creating device client; threaded=0
Direct3D:
    Version:  Direct3D 11.0 [level 11.0]
    Renderer: NVIDIA GeForce GTX 860M (ID=0x1392)
    Vendor:   
    VRAM:     4055 MB
    Driver:   27.21.14.6611
Shader 'Universal Render Pipeline/Particles/Lit': fallback shader 'Universal Render Pipeline/Particles/SimpleLit' not found
Initialize mono
Mono path[0] = 'C:/Program Files/Unity/Hub/Editor/2020.2.2f1/Editor/Data/Managed'
Mono path[1] = 'C:/Program Files/Unity/Hub/Editor/2020.2.2f1/Editor/Data/MonoBleedingEdge/lib/mono/unityjit'
Mono config path = 'C:/Program Files/Unity/Hub/Editor/2020.2.2f1/Editor/Data/MonoBleedingEdge/etc'
Using monoOptions --debugger-agent=transport=dt_socket,embedding=1,server=y,suspend=n,address=127.0.0.1:56176
Begin MonoManager ReloadAssembly
Registering precompiled unity dll's ...
Register platform support module: C:/Program Files/Unity/Hub/Editor/2020.2.2f1/Editor/Data/PlaybackEngines/WindowsStandaloneSupport/UnityEditor.WindowsStandalone.Extensions.dll
Registered in 0.005195 seconds.
Native extension for WindowsStandalone target not found
Refreshing native plugins compatible for Editor in 81.88 ms, found 0 plugins.
Preloading 0 native plugins for Editor in 0.00 ms.
Invoked RoslynAnalysisRunner static constructor.
RoslynAnalysisRunner will not be running.
RoslynAnalysisRunner has terminated.
Mono: successfully reloaded assembly
- Completed reload, in  3.127 seconds
Platform modules already initialized, skipping
Registering precompiled user dll's ...
Registered in 0.009177 seconds.
Begin MonoManager ReloadAssembly
Native extension for WindowsStandalone target not found
Refreshing native plugins compatible for Editor in 92.15 ms, found 0 plugins.
Preloading 0 native plugins for Editor in 0.00 ms.
Invoked RoslynAnalysisRunner static constructor.
RoslynAnalysisRunner will not be running.
RoslynAnalysisRunner has terminated.
Mono: successfully reloaded assembly
- Completed reload, in  2.743 seconds
Platform modules already initialized, skipping
========================================================================
Worker process is ready to serve import requests
Shader 'Universal Render Pipeline/Particles/Lit': fallback shader 'Universal Render Pipeline/Particles/SimpleLit' not found
Launched and connected shader compiler UnityShaderCompiler.exe after 0.08 seconds
Refreshing native plugins compatible for Editor in 0.84 ms, found 0 plugins.
Preloading 0 native plugins for Editor in 0.00 ms.
Unloading 2456 Unused Serialized files (Serialized files now loaded: 0)
System memory in use before: 128.9 MB.
System memory in use after: 127.9 MB.

Unloading 34 unused Assets to reduce memory usage. Loaded Objects now: 2893.
Total: 11.188500 ms (FindLiveObjects: 0.456800 ms CreateObjectMapping: 0.165600 ms MarkObjects: 9.340100 ms  DeleteObjects: 1.223900 ms)

========================================================================
Received Import Request.
  path: Assets/Scripts/SpaceGame/Ship/ShipInput.cs
  artifactKey: Guid(c82446bec67a53c4daeba08ee1d9ef27) Importer(815301076,1909f56bfc062723c751e8b465ee728b)
Start importing Assets/Scripts/SpaceGame/Ship/ShipInput.cs using Guid(c82446bec67a53c4daeba08ee1d9ef27) Importer(815301076,1909f56bfc062723c751e8b465ee728b)  -> (artifact id: '61a7dfebae6ca14870c89d6fa86d3e5e') in 0.086451 seconds
  Import took 0.105587 seconds .

========================================================================
Received Import Request.
  Time since last request: 914.577634 seconds.
  path: Assets/Scripts/SpaceGame/Ship/ShipInput.cs
  artifactKey: Guid(c82446bec67a53c4daeba08ee1d9ef27) Importer(815301076,1909f56bfc062723c751e8b465ee728b)
Start importing Assets/Scripts/SpaceGame/Ship/ShipInput.cs using Guid(c82446bec67a53c4daeba08ee1d9ef27) Importer(815301076,1909f56bfc062723c751e8b465ee728b)  -> (artifact id: '5cc4b87bab4328e80886c3291ed0eef0') in 0.008742 seconds
  Import took 0.015976 seconds .

========================================================================
Received Import Request.
  Time since last request: 0.002932 seconds.
  path: Assets/Scripts/SpaceGame/Ship/ShipInput.cs
  artifactKey: Guid(c82446bec67a53c4daeba08ee1d9ef27) Importer(815301076,1909f56bfc062723c751e8b465ee728b)
Start importing Assets/Scripts/SpaceGame/Ship/ShipInput.cs using Guid(c82446bec67a53c4daeba08ee1d9ef27) Importer(815301076,1909f56bfc062723c751e8b465ee728b)  -> (artifact id: '5cc4b87bab4328e80886c3291ed0eef0') in 0.007915 seconds
  Import took 0.013903 seconds .

========================================================================
Received Prepare
Registering precompiled user dll's ...
Registered in 0.003709 seconds.
Begin MonoManager ReloadAssembly
Native extension for WindowsStandalone target not found
Refreshing native plugins compatible for Editor in 0.96 ms, found 0 plugins.
Preloading 0 native plugins for Editor in 0.00 ms.
Invoked RoslynAnalysisRunner static constructor.
RoslynAnalysisRunner will not be running.
RoslynAnalysisRunner has terminated.
Mono: successfully reloaded assembly
- Completed reload, in  1.324 seconds
Platform modules already initialized, skipping
Shader 'Universal Render Pipeline/Particles/Lit': fallback shader 'Universal Render Pipeline/Particles/SimpleLit' not found
Refreshing native plugins compatible for Editor in 0.55 ms, found 0 plugins.
Preloading 0 native plugins for Editor in 0.00 ms.
Unloading 2356 Unused Serialized files (Serialized files now loaded: 0)
System memory in use before: 124.8 MB.
System memory in use after: 123.9 MB.

Unloading 29 unused Assets to reduce memory usage. Loaded Objects now: 2895.
Total: 4.186600 ms (FindLiveObjects: 0.371100 ms CreateObjectMapping: 0.339300 ms MarkObjects: 2.511400 ms  DeleteObjects: 0.963100 ms)

========================================================================
Received Import Request.
  Time since last request: 41.220678 seconds.
  path: Assets/Scripts/SpaceGame/Ship/ShipInput.cs
  artifactKey: Guid(c82446bec67a53c4daeba08ee1d9ef27) Importer(815301076,1909f56bfc062723c751e8b465ee728b)
Start importing Assets/Scripts/SpaceGame/Ship/ShipInput.cs using Guid(c82446bec67a53c4daeba08ee1d9ef27) Importer(815301076,1909f56bfc062723c751e8b465ee728b)  -> (artifact id: '06fff80fb2e70265c62e27c1895fd5c6') in 0.010404 seconds
  Import took 0.015392 seconds .

========================================================================
Received Import Request.
  Time since last request: 1314.542022 seconds.
  path: Assets/Scripts/SpaceGame/Game/Asteroid.cs
  artifactKey: Guid(038a72387f719324bbca0b29d420af88) Importer(815301076,1909f56bfc062723c751e8b465ee728b)
Start importing Assets/Scripts/SpaceGame/Game/Asteroid.cs using Guid(038a72387f719324bbca0b29d420af88) Importer(815301076,1909f56bfc062723c751e8b465ee728b)  -> (artifact id: '3387d043c87c2b0492ad285a4a5411ba') in 0.007261 seconds
  Import took 0.014216 seconds .

========================================================================
Received Import Request.
  Time since last request: 0.029437 seconds.
  path: Assets/Scripts/SpaceGame/Game/Asteroid.cs
  artifactKey: Guid(038a72387f719324bbca0b29d420af88) Importer(815301076,1909f56bfc062723c751e8b465ee728b)
Start importing Assets/Scripts/SpaceGame/Game/Asteroid.cs using Guid(038a72387f719324bbca0b29d420af88) Importer(815301076,1909f56bfc062723c751e8b465ee728b)  -> (artifact id: '3387d043c87c2b0492ad285a4a5411ba') in 0.007350 seconds
  Import took 0.013853 seconds .

========================================================================
Received Import Request.
  Time since last request: 154.634948 seconds.
  path: Assets/Scripts/SpaceGame/Game/Asteroid.cs
  artifactKey: Guid(038a72387f719324bbca0b29d420af88) Importer(815301076,1909f56bfc062723c751e8b465ee728b)
Start importing Assets/Scripts/SpaceGame/Game/Asteroid.cs using Guid(038a72387f719324bbca0b29d420af88) Importer(815301076,1909f56bfc062723c751e8b465ee728b)  -> (artifact id: 'aab3a3d8457c4357ce3f662b733afe33') in 0.006269 seconds
  Import took 0.013533 seconds .

========================================================================
Received Import Request.
  Time since last request: 0.040715 seconds.
  path: Assets/Scripts/SpaceGame/Game/Asteroid.cs
  artifactKey: Guid(038a72387f719324bbca0b29d420af88) Importer(815301076,1909f56bfc062723c751e8b465ee728b)
Start importing Assets/Scripts/SpaceGame/Game/Asteroid.cs using Guid(038a72387f719324bbca0b29d420af88) Importer(815301076,1909f56bfc062723c751e8b465ee728b)  -> (artifact id: 'aab3a3d8457c4357ce3f662b733afe33') in 0.007592 seconds
  Import took 0.012729 seconds .

========================================================================
Received Prepare
Registering precompiled user dll's ...
Registered in 0.005345 seconds.
Begin MonoManager ReloadAssembly
Native extension for WindowsStandalone target not found
Refreshing native plugins compatible for Editor in 0.57 ms, found 0 plugins.
Preloading 0 native plugins for Editor in 0.00 ms.
Invoked RoslynAnalysisRunner static constructor.
RoslynAnalysisRunner will not be running.
RoslynAnalysisRunner has terminated.
Mono: successfully reloaded assembly
- Completed reload, in  1.113 seconds
Platform modules already initialized, skipping
Shader 'Universal Render Pipeline/Particles/Lit': fallback shader 'Universal Render Pipeline/Particles/SimpleLit' not found
Refreshing native plugins compatible for Editor in 0.51 ms, found 0 plugins.
Preloading 0 native plugins for Editor in 0.00 ms.
Unloading 2356 Unused Serialized files (Serialized files now loaded: 0)
System memory in use before: 124.8 MB.
System memory in use after: 123.9 MB.

Unloading 29 unused Assets to reduce memory usage. Loaded Objects now: 2897.
Total: 3.480100 ms (FindLiveObjects: 0.344200 ms CreateObjectMapping: 0.234900 ms MarkObjects: 2.028700 ms  DeleteObjects: 0.871100 ms)

========================================================================
Received Prepare
Registering precompiled user dll's ...
Registered in 0.004870 seconds.
Begin MonoManager ReloadAssembly
Native extension for WindowsStandalone target not found
Refreshing native plugins compatible for Editor in 0.57 ms, found 0 plugins.
Preloading 0 native plugins for Editor in 0.00 ms.
Invoked RoslynAnalysisRunner static constructor.
RoslynAnalysisRunner will not be running.
RoslynAnalysisRunner has terminated.
Mono: successfully reloaded assembly
- Completed reload, in  1.258 seconds
Platform modules already initialized, skipping
Shader 'Universal Render Pipeline/Particles/Lit': fallback shader 'Universal Render Pipeline/Particles/SimpleLit' not found
Refreshing native plugins compatible for Editor in 0.90 ms, found 0 plugins.
Preloading 0 native plugins for Editor in 0.00 ms.
Unloading 2356 Unused Serialized files (Serialized files now loaded: 0)
System memory in use before: 124.9 MB.
System memory in use after: 123.9 MB.

Unloading 29 unused Assets to reduce memory usage. Loaded Objects now: 2899.
Total: 3.997100 ms (FindLiveObjects: 0.411400 ms CreateObjectMapping: 0.265000 ms MarkObjects: 2.401000 ms  DeleteObjects: 0.917400 ms)

========================================================================
Received Import Request.
  Time since last request: 2065.937313 seconds.
  path: Assets/Scripts/SpaceGame/Game/WriteConsoleToFile.cs
  artifactKey: Guid(4f10144adf9644d49b10691bae276020) Importer(815301076,1909f56bfc062723c751e8b465ee728b)
Start importing Assets/Scripts/SpaceGame/Game/WriteConsoleToFile.cs using Guid(4f10144adf9644d49b10691bae276020) Importer(815301076,1909f56bfc062723c751e8b465ee728b)  -> (artifact id: '65a0db6a59c830082afc42dd3766885f') in 0.012026 seconds
  Import took 0.017676 seconds .

========================================================================
Received Import Request.
  Time since last request: 0.000300 seconds.
  path: Assets/Scripts/SpaceGame/Game/WriteConsoleToFile.cs
  artifactKey: Guid(4f10144adf9644d49b10691bae276020) Importer(815301076,1909f56bfc062723c751e8b465ee728b)
Start importing Assets/Scripts/SpaceGame/Game/WriteConsoleToFile.cs using Guid(4f10144adf9644d49b10691bae276020) Importer(815301076,1909f56bfc062723c751e8b465ee728b)  -> (artifact id: '65a0db6a59c830082afc42dd3766885f') in 0.009256 seconds
  Import took 0.013919 seconds .

========================================================================
Received Import Request.
  Time since last request: 24.955735 seconds.
  path: Assets/Scripts/SpaceGame/Game/PauseMenu.cs
  artifactKey: Guid(9edbd7d44ae55cd4fa0c24d3111a3fc9) Importer(815301076,1909f56bfc062723c751e8b465ee728b)
Start importing Assets/Scripts/SpaceGame/Game/PauseMenu.cs using Guid(9edbd7d44ae55cd4fa0c24d3111a3fc9) Importer(815301076,1909f56bfc062723c751e8b465ee728b)  -> (artifact id: '32a36f6cd419d52802b51c8a961b4422') in 0.008337 seconds
  Import took 0.017203 seconds .

========================================================================
Received Import Request.
  Time since last request: 0.001424 seconds.
  path: Assets/Scripts/SpaceGame/Game/PauseMenu.cs
  artifactKey: Guid(9edbd7d44ae55cd4fa0c24d3111a3fc9) Importer(815301076,1909f56bfc062723c751e8b465ee728b)
Start importing Assets/Scripts/SpaceGame/Game/PauseMenu.cs using Guid(9edbd7d44ae55cd4fa0c24d3111a3fc9) Importer(815301076,1909f56bfc062723c751e8b465ee728b)  -> (artifact id: '32a36f6cd419d52802b51c8a961b4422') in 0.007894 seconds
  Import took 0.015080 seconds .

========================================================================
Received Prepare
Registering precompiled user dll's ...
Registered in 0.003628 seconds.
Begin MonoManager ReloadAssembly
Native extension for WindowsStandalone target not found
Refreshing native plugins compatible for Editor in 0.58 ms, found 0 plugins.
Preloading 0 native plugins for Editor in 0.00 ms.
Invoked RoslynAnalysisRunner static constructor.
RoslynAnalysisRunner will not be running.
RoslynAnalysisRunner has terminated.
Mono: successfully reloaded assembly
- Completed reload, in  1.074 seconds
Platform modules already initialized, skipping
Shader 'Universal Render Pipeline/Particles/Lit': fallback shader 'Universal Render Pipeline/Particles/SimpleLit' not found
Refreshing native plugins compatible for Editor in 0.54 ms, found 0 plugins.
Preloading 0 native plugins for Editor in 0.00 ms.
Unloading 2357 Unused Serialized files (Serialized files now loaded: 0)
System memory in use before: 124.9 MB.
System memory in use after: 123.9 MB.

Unloading 29 unused Assets to reduce memory usage. Loaded Objects now: 2902.
Total: 3.487900 ms (FindLiveObjects: 0.278200 ms CreateObjectMapping: 0.131100 ms MarkObjects: 2.167200 ms  DeleteObjects: 0.909900 ms)

========================================================================
Received Import Request.
  Time since last request: 213.933516 seconds.
  path: Assets/Scripts/SpaceGame/Game/PauseMenu.cs
  artifactKey: Guid(9edbd7d44ae55cd4fa0c24d3111a3fc9) Importer(815301076,1909f56bfc062723c751e8b465ee728b)
Start importing Assets/Scripts/SpaceGame/Game/PauseMenu.cs using Guid(9edbd7d44ae55cd4fa0c24d3111a3fc9) Importer(815301076,1909f56bfc062723c751e8b465ee728b)  -> (artifact id: '5aa181edad03bb611995fc587d14f021') in 0.013072 seconds
  Import took 0.020388 seconds .

========================================================================
Received Import Request.
  Time since last request: 0.073081 seconds.
  path: Assets/Scripts/SpaceGame/Game/PauseMenu.cs
  artifactKey: Guid(9edbd7d44ae55cd4fa0c24d3111a3fc9) Importer(815301076,1909f56bfc062723c751e8b465ee728b)
Start importing Assets/Scripts/SpaceGame/Game/PauseMenu.cs using Guid(9edbd7d44ae55cd4fa0c24d3111a3fc9) Importer(815301076,1909f56bfc062723c751e8b465ee728b)  -> (artifact id: '5aa181edad03bb611995fc587d14f021') in 0.012540 seconds
  Import took 0.021275 seconds .

========================================================================
Received Prepare
Registering precompiled user dll's ...
Registered in 0.003093 seconds.
Begin MonoManager ReloadAssembly
Native extension for WindowsStandalone target not found
Refreshing native plugins compatible for Editor in 0.52 ms, found 0 plugins.
Preloading 0 native plugins for Editor in 0.00 ms.
Invoked RoslynAnalysisRunner static constructor.
RoslynAnalysisRunner will not be running.
RoslynAnalysisRunner has terminated.
Mono: successfully reloaded assembly
- Completed reload, in  1.107 seconds
Platform modules already initialized, skipping
Shader 'Universal Render Pipeline/Particles/Lit': fallback shader 'Universal Render Pipeline/Particles/SimpleLit' not found
Refreshing native plugins compatible for Editor in 0.79 ms, found 0 plugins.
Preloading 0 native plugins for Editor in 0.00 ms.
Unloading 2357 Unused Serialized files (Serialized files now loaded: 0)
System memory in use before: 124.8 MB.
System memory in use after: 123.8 MB.

Unloading 29 unused Assets to reduce memory usage. Loaded Objects now: 2904.
Total: 3.776800 ms (FindLiveObjects: 0.556300 ms CreateObjectMapping: 0.286300 ms MarkObjects: 2.075900 ms  DeleteObjects: 0.856700 ms)

========================================================================
Received Import Request.
  Time since last request: 20.569771 seconds.
  path: Assets/Scripts/SpaceGame/Game/PauseMenu.cs
  artifactKey: Guid(9edbd7d44ae55cd4fa0c24d3111a3fc9) Importer(815301076,1909f56bfc062723c751e8b465ee728b)
Start importing Assets/Scripts/SpaceGame/Game/PauseMenu.cs using Guid(9edbd7d44ae55cd4fa0c24d3111a3fc9) Importer(815301076,1909f56bfc062723c751e8b465ee728b)  -> (artifact id: 'a821ecf00776257053f35981910a0ab4') in 0.010573 seconds
  Import took 0.016478 seconds .

========================================================================
Received Import Request.
  Time since last request: 0.059248 seconds.
  path: Assets/Scripts/SpaceGame/Game/PauseMenu.cs
  artifactKey: Guid(9edbd7d44ae55cd4fa0c24d3111a3fc9) Importer(815301076,1909f56bfc062723c751e8b465ee728b)
Start importing Assets/Scripts/SpaceGame/Game/PauseMenu.cs using Guid(9edbd7d44ae55cd4fa0c24d3111a3fc9) Importer(815301076,1909f56bfc062723c751e8b465ee728b)  -> (artifact id: 'a821ecf00776257053f35981910a0ab4') in 0.007419 seconds
  Import took 0.013185 seconds .

========================================================================
Received Import Request.
  Time since last request: 8.290831 seconds.
  path: Assets/Scripts/SpaceGame/Game/PauseMenu.cs
  artifactKey: Guid(9edbd7d44ae55cd4fa0c24d3111a3fc9) Importer(815301076,1909f56bfc062723c751e8b465ee728b)
Start importing Assets/Scripts/SpaceGame/Game/PauseMenu.cs using Guid(9edbd7d44ae55cd4fa0c24d3111a3fc9) Importer(815301076,1909f56bfc062723c751e8b465ee728b)  -> (artifact id: 'b67de95f9d14950bdc2c606c12042a4d') in 0.006306 seconds
  Import took 0.011719 seconds .

========================================================================
Received Import Request.
  Time since last request: 0.046892 seconds.
  path: Assets/Scripts/SpaceGame/Game/PauseMenu.cs
  artifactKey: Guid(9edbd7d44ae55cd4fa0c24d3111a3fc9) Importer(815301076,1909f56bfc062723c751e8b465ee728b)
Start importing Assets/Scripts/SpaceGame/Game/PauseMenu.cs using Guid(9edbd7d44ae55cd4fa0c24d3111a3fc9) Importer(815301076,1909f56bfc062723c751e8b465ee728b)  -> (artifact id: 'b67de95f9d14950bdc2c606c12042a4d') in 0.012437 seconds
  Import took 0.023220 seconds .

========================================================================
Received Prepare
Registering precompiled user dll's ...
Registered in 0.003273 seconds.
Begin MonoManager ReloadAssembly
Native extension for WindowsStandalone target not found
Refreshing native plugins compatible for Editor in 0.55 ms, found 0 plugins.
Preloading 0 native plugins for Editor in 0.00 ms.
Invoked RoslynAnalysisRunner static constructor.
RoslynAnalysisRunner will not be running.
RoslynAnalysisRunner has terminated.
Mono: successfully reloaded assembly
- Completed reload, in  1.067 seconds
Platform modules already initialized, skipping
Shader 'Universal Render Pipeline/Particles/Lit': fallback shader 'Universal Render Pipeline/Particles/SimpleLit' not found
Refreshing native plugins compatible for Editor in 0.53 ms, found 0 plugins.
Preloading 0 native plugins for Editor in 0.00 ms.
Unloading 2357 Unused Serialized files (Serialized files now loaded: 0)
System memory in use before: 124.9 MB.
System memory in use after: 124.0 MB.

Unloading 29 unused Assets to reduce memory usage. Loaded Objects now: 2906.
Total: 3.186400 ms (FindLiveObjects: 0.252600 ms CreateObjectMapping: 0.112900 ms MarkObjects: 1.932800 ms  DeleteObjects: 0.886800 ms)

========================================================================
Received Import Request.
  Time since last request: 288.110990 seconds.
  path: Assets/Scripts/SpaceGame/Game/PauseMenu.cs
  artifactKey: Guid(9edbd7d44ae55cd4fa0c24d3111a3fc9) Importer(815301076,1909f56bfc062723c751e8b465ee728b)
Start importing Assets/Scripts/SpaceGame/Game/PauseMenu.cs using Guid(9edbd7d44ae55cd4fa0c24d3111a3fc9) Importer(815301076,1909f56bfc062723c751e8b465ee728b)  -> (artifact id: '0c397cbbe7ac8ede0fdbea0bb54189a0') in 0.012990 seconds
  Import took 0.020448 seconds .

========================================================================
Received Import Request.
  Time since last request: 0.069826 seconds.
  path: Assets/Scripts/SpaceGame/Game/PauseMenu.cs
  artifactKey: Guid(9edbd7d44ae55cd4fa0c24d3111a3fc9) Importer(815301076,1909f56bfc062723c751e8b465ee728b)
Start importing Assets/Scripts/SpaceGame/Game/PauseMenu.cs using Guid(9edbd7d44ae55cd4fa0c24d3111a3fc9) Importer(815301076,1909f56bfc062723c751e8b465ee728b)  -> (artifact id: '0c397cbbe7ac8ede0fdbea0bb54189a0') in 0.010134 seconds
  Import took 0.017113 seconds .

========================================================================
Received Prepare
Registering precompiled user dll's ...
Registered in 0.003507 seconds.
Begin MonoManager ReloadAssembly
Native extension for WindowsStandalone target not found
Refreshing native plugins compatible for Editor in 0.54 ms, found 0 plugins.
Preloading 0 native plugins for Editor in 0.00 ms.
Invoked RoslynAnalysisRunner static constructor.
RoslynAnalysisRunner will not be running.
RoslynAnalysisRunner has terminated.
Mono: successfully reloaded assembly
- Completed reload, in  1.061 seconds
Platform modules already initialized, skipping
Shader 'Universal Render Pipeline/Particles/Lit': fallback shader 'Universal Render Pipeline/Particles/SimpleLit' not found
Refreshing native plugins compatible for Editor in 0.52 ms, found 0 plugins.
Preloading 0 native plugins for Editor in 0.00 ms.
Unloading 2357 Unused Serialized files (Serialized files now loaded: 0)
System memory in use before: 124.9 MB.
System memory in use after: 124.0 MB.

Unloading 29 unused Assets to reduce memory usage. Loaded Objects now: 2908.
Total: 4.526400 ms (FindLiveObjects: 0.430800 ms CreateObjectMapping: 0.198000 ms MarkObjects: 2.975100 ms  DeleteObjects: 0.921000 ms)

========================================================================
Received Import Request.
  Time since last request: 33.994184 seconds.
  path: Assets/Scripts/SpaceGame/Game/PauseMenu.cs
  artifactKey: Guid(9edbd7d44ae55cd4fa0c24d3111a3fc9) Importer(815301076,1909f56bfc062723c751e8b465ee728b)
Start importing Assets/Scripts/SpaceGame/Game/PauseMenu.cs using Guid(9edbd7d44ae55cd4fa0c24d3111a3fc9) Importer(815301076,1909f56bfc062723c751e8b465ee728b)  -> (artifact id: '95e7f1d9baa03854bde1051f57bee2b2') in 0.013112 seconds
  Import took 0.018469 seconds .

========================================================================
Received Import Request.
  Time since last request: 0.069230 seconds.
  path: Assets/Scripts/SpaceGame/Game/PauseMenu.cs
  artifactKey: Guid(9edbd7d44ae55cd4fa0c24d3111a3fc9) Importer(815301076,1909f56bfc062723c751e8b465ee728b)
Start importing Assets/Scripts/SpaceGame/Game/PauseMenu.cs using Guid(9edbd7d44ae55cd4fa0c24d3111a3fc9) Importer(815301076,1909f56bfc062723c751e8b465ee728b)  -> (artifact id: '95e7f1d9baa03854bde1051f57bee2b2') in 0.007379 seconds
  Import took 0.014427 seconds .

========================================================================
Received Prepare
Registering precompiled user dll's ...
Registered in 0.003428 seconds.
Begin MonoManager ReloadAssembly
Native extension for WindowsStandalone target not found
Refreshing native plugins compatible for Editor in 0.59 ms, found 0 plugins.
Preloading 0 native plugins for Editor in 0.00 ms.
Invoked RoslynAnalysisRunner static constructor.
RoslynAnalysisRunner will not be running.
RoslynAnalysisRunner has terminated.
Mono: successfully reloaded assembly
- Completed reload, in  1.093 seconds
Platform modules already initialized, skipping
Shader 'Universal Render Pipeline/Particles/Lit': fallback shader 'Universal Render Pipeline/Particles/SimpleLit' not found
Refreshing native plugins compatible for Editor in 0.53 ms, found 0 plugins.
Preloading 0 native plugins for Editor in 0.00 ms.
Unloading 2357 Unused Serialized files (Serialized files now loaded: 0)
System memory in use before: 124.9 MB.
System memory in use after: 124.0 MB.

Unloading 29 unused Assets to reduce memory usage. Loaded Objects now: 2910.
Total: 3.912300 ms (FindLiveObjects: 0.433400 ms CreateObjectMapping: 0.131300 ms MarkObjects: 2.453200 ms  DeleteObjects: 0.892600 ms)

========================================================================
Received Import Request.
  Time since last request: 55.605382 seconds.
  path: Assets/Scripts/SpaceGame/Game/PauseMenu.cs
  artifactKey: Guid(9edbd7d44ae55cd4fa0c24d3111a3fc9) Importer(815301076,1909f56bfc062723c751e8b465ee728b)
Start importing Assets/Scripts/SpaceGame/Game/PauseMenu.cs using Guid(9edbd7d44ae55cd4fa0c24d3111a3fc9) Importer(815301076,1909f56bfc062723c751e8b465ee728b)  -> (artifact id: '31e0e456359eca218b4f02c1f76c07f2') in 0.012719 seconds
  Import took 0.018403 seconds .

========================================================================
Received Import Request.
  Time since last request: 0.063719 seconds.
  path: Assets/Scripts/SpaceGame/Game/PauseMenu.cs
  artifactKey: Guid(9edbd7d44ae55cd4fa0c24d3111a3fc9) Importer(815301076,1909f56bfc062723c751e8b465ee728b)
Start importing Assets/Scripts/SpaceGame/Game/PauseMenu.cs using Guid(9edbd7d44ae55cd4fa0c24d3111a3fc9) Importer(815301076,1909f56bfc062723c751e8b465ee728b)  -> (artifact id: '31e0e456359eca218b4f02c1f76c07f2') in 0.007002 seconds
  Import took 0.012729 seconds .

========================================================================
Received Import Request.
  Time since last request: 33.750712 seconds.
  path: Assets/Scripts/SpaceGame/Game/PauseMenu.cs
  artifactKey: Guid(9edbd7d44ae55cd4fa0c24d3111a3fc9) Importer(815301076,1909f56bfc062723c751e8b465ee728b)
Start importing Assets/Scripts/SpaceGame/Game/PauseMenu.cs using Guid(9edbd7d44ae55cd4fa0c24d3111a3fc9) Importer(815301076,1909f56bfc062723c751e8b465ee728b)  -> (artifact id: '430a0ee3d32f889c81f65cac51ff1e32') in 0.006219 seconds
  Import took 0.011665 seconds .

========================================================================
Received Import Request.
  Time since last request: 0.033703 seconds.
  path: Assets/Scripts/SpaceGame/Game/PauseMenu.cs
  artifactKey: Guid(9edbd7d44ae55cd4fa0c24d3111a3fc9) Importer(815301076,1909f56bfc062723c751e8b465ee728b)
Start importing Assets/Scripts/SpaceGame/Game/PauseMenu.cs using Guid(9edbd7d44ae55cd4fa0c24d3111a3fc9) Importer(815301076,1909f56bfc062723c751e8b465ee728b)  -> (artifact id: '430a0ee3d32f889c81f65cac51ff1e32') in 0.007570 seconds
  Import took 0.015227 seconds .

========================================================================
Received Import Request.
  Time since last request: 30.082086 seconds.
  path: Assets/Scripts/SpaceGame/Game/PauseMenu.cs
  artifactKey: Guid(9edbd7d44ae55cd4fa0c24d3111a3fc9) Importer(815301076,1909f56bfc062723c751e8b465ee728b)
Start importing Assets/Scripts/SpaceGame/Game/PauseMenu.cs using Guid(9edbd7d44ae55cd4fa0c24d3111a3fc9) Importer(815301076,1909f56bfc062723c751e8b465ee728b)  -> (artifact id: 'e4c4724f391fcb3e4eff5109e1b2b195') in 0.007703 seconds
  Import took 0.013495 seconds .

========================================================================
Received Import Request.
  Time since last request: 0.042265 seconds.
  path: Assets/Scripts/SpaceGame/Game/PauseMenu.cs
  artifactKey: Guid(9edbd7d44ae55cd4fa0c24d3111a3fc9) Importer(815301076,1909f56bfc062723c751e8b465ee728b)
Start importing Assets/Scripts/SpaceGame/Game/PauseMenu.cs using Guid(9edbd7d44ae55cd4fa0c24d3111a3fc9) Importer(815301076,1909f56bfc062723c751e8b465ee728b)  -> (artifact id: 'e4c4724f391fcb3e4eff5109e1b2b195') in 0.007258 seconds
  Import took 0.013168 seconds .

========================================================================
Received Import Request.
  Time since last request: 15.396581 seconds.
  path: Assets/Scripts/SpaceGame/Game/PauseMenu.cs
  artifactKey: Guid(9edbd7d44ae55cd4fa0c24d3111a3fc9) Importer(815301076,1909f56bfc062723c751e8b465ee728b)
Start importing Assets/Scripts/SpaceGame/Game/PauseMenu.cs using Guid(9edbd7d44ae55cd4fa0c24d3111a3fc9) Importer(815301076,1909f56bfc062723c751e8b465ee728b)  -> (artifact id: '2c89e8a61de4f040e1b7ee65ddfe2229') in 0.006376 seconds
  Import took 0.012645 seconds .

========================================================================
Received Prepare
Registering precompiled user dll's ...
Registered in 0.003279 seconds.
Begin MonoManager ReloadAssembly
Native extension for WindowsStandalone target not found
Refreshing native plugins compatible for Editor in 0.84 ms, found 0 plugins.
Preloading 0 native plugins for Editor in 0.00 ms.
Invoked RoslynAnalysisRunner static constructor.
RoslynAnalysisRunner will not be running.
RoslynAnalysisRunner has terminated.
Mono: successfully reloaded assembly
- Completed reload, in  1.187 seconds
Platform modules already initialized, skipping
Shader 'Universal Render Pipeline/Particles/Lit': fallback shader 'Universal Render Pipeline/Particles/SimpleLit' not found
Refreshing native plugins compatible for Editor in 0.52 ms, found 0 plugins.
Preloading 0 native plugins for Editor in 0.00 ms.
Unloading 2357 Unused Serialized files (Serialized files now loaded: 0)
System memory in use before: 124.9 MB.
System memory in use after: 124.0 MB.

Unloading 29 unused Assets to reduce memory usage. Loaded Objects now: 2912.
Total: 3.232400 ms (FindLiveObjects: 0.272300 ms CreateObjectMapping: 0.115900 ms MarkObjects: 1.945500 ms  DeleteObjects: 0.897000 ms)

========================================================================
Received Import Request.
  Time since last request: 20.539907 seconds.
  path: Assets/Scripts/SpaceGame/Game/PauseMenu.cs
  artifactKey: Guid(9edbd7d44ae55cd4fa0c24d3111a3fc9) Importer(815301076,1909f56bfc062723c751e8b465ee728b)
Start importing Assets/Scripts/SpaceGame/Game/PauseMenu.cs using Guid(9edbd7d44ae55cd4fa0c24d3111a3fc9) Importer(815301076,1909f56bfc062723c751e8b465ee728b)  -> (artifact id: '725c87926b471b899ade2952f719e767') in 0.012671 seconds
  Import took 0.018185 seconds .

========================================================================
Received Import Request.
  Time since last request: 19.589176 seconds.
  path: Assets/Scripts/SpaceGame/Game/PauseMenu.cs
  artifactKey: Guid(9edbd7d44ae55cd4fa0c24d3111a3fc9) Importer(815301076,1909f56bfc062723c751e8b465ee728b)
Start importing Assets/Scripts/SpaceGame/Game/PauseMenu.cs using Guid(9edbd7d44ae55cd4fa0c24d3111a3fc9) Importer(815301076,1909f56bfc062723c751e8b465ee728b)  -> (artifact id: 'c89ca0711c28664ca1bea2f40dc958e3') in 0.006200 seconds
  Import took 0.011700 seconds .

========================================================================
Received Import Request.
  Time since last request: 0.038201 seconds.
  path: Assets/Scripts/SpaceGame/Game/PauseMenu.cs
  artifactKey: Guid(9edbd7d44ae55cd4fa0c24d3111a3fc9) Importer(815301076,1909f56bfc062723c751e8b465ee728b)
Start importing Assets/Scripts/SpaceGame/Game/PauseMenu.cs using Guid(9edbd7d44ae55cd4fa0c24d3111a3fc9) Importer(815301076,1909f56bfc062723c751e8b465ee728b)  -> (artifact id: 'c89ca0711c28664ca1bea2f40dc958e3') in 0.006541 seconds
  Import took 0.011882 seconds .

========================================================================
Received Prepare
Registering precompiled user dll's ...
Registered in 0.004152 seconds.
Begin MonoManager ReloadAssembly
Native extension for WindowsStandalone target not found
Refreshing native plugins compatible for Editor in 0.55 ms, found 0 plugins.
Preloading 0 native plugins for Editor in 0.00 ms.
Invoked RoslynAnalysisRunner static constructor.
RoslynAnalysisRunner will not be running.
RoslynAnalysisRunner has terminated.
Mono: successfully reloaded assembly
- Completed reload, in  1.141 seconds
Platform modules already initialized, skipping
Shader 'Universal Render Pipeline/Particles/Lit': fallback shader 'Universal Render Pipeline/Particles/SimpleLit' not found
Refreshing native plugins compatible for Editor in 0.53 ms, found 0 plugins.
Preloading 0 native plugins for Editor in 0.00 ms.
Unloading 2357 Unused Serialized files (Serialized files now loaded: 0)
System memory in use before: 124.8 MB.
System memory in use after: 123.9 MB.

Unloading 29 unused Assets to reduce memory usage. Loaded Objects now: 2914.
Total: 3.732700 ms (FindLiveObjects: 0.488900 ms CreateObjectMapping: 0.282200 ms MarkObjects: 2.052300 ms  DeleteObjects: 0.907400 ms)

========================================================================
Received Import Request.
  Time since last request: 13.310310 seconds.
  path: Assets/Scripts/SpaceGame/Game/PauseMenu.cs
  artifactKey: Guid(9edbd7d44ae55cd4fa0c24d3111a3fc9) Importer(815301076,1909f56bfc062723c751e8b465ee728b)
Start importing Assets/Scripts/SpaceGame/Game/PauseMenu.cs using Guid(9edbd7d44ae55cd4fa0c24d3111a3fc9) Importer(815301076,1909f56bfc062723c751e8b465ee728b)  -> (artifact id: 'aabd6f27b2d922de7f635b9a7c2436b2') in 0.010493 seconds
  Import took 0.015849 seconds .

========================================================================
Received Import Request.
  Time since last request: 0.070624 seconds.
  path: Assets/Scripts/SpaceGame/Game/PauseMenu.cs
  artifactKey: Guid(9edbd7d44ae55cd4fa0c24d3111a3fc9) Importer(815301076,1909f56bfc062723c751e8b465ee728b)
Start importing Assets/Scripts/SpaceGame/Game/PauseMenu.cs using Guid(9edbd7d44ae55cd4fa0c24d3111a3fc9) Importer(815301076,1909f56bfc062723c751e8b465ee728b)  -> (artifact id: 'aabd6f27b2d922de7f635b9a7c2436b2') in 0.007236 seconds
  Import took 0.013178 seconds .

========================================================================
Received Import Request.
  Time since last request: 9.569616 seconds.
  path: Assets/Scripts/SpaceGame/Game/PauseMenu.cs
  artifactKey: Guid(9edbd7d44ae55cd4fa0c24d3111a3fc9) Importer(815301076,1909f56bfc062723c751e8b465ee728b)
Start importing Assets/Scripts/SpaceGame/Game/PauseMenu.cs using Guid(9edbd7d44ae55cd4fa0c24d3111a3fc9) Importer(815301076,1909f56bfc062723c751e8b465ee728b)  -> (artifact id: 'b692880031935da9a45b328c84d5bfcf') in 0.008588 seconds
  Import took 0.014422 seconds .

========================================================================
Received Import Request.
  Time since last request: 0.043908 seconds.
  path: Assets/Scripts/SpaceGame/Game/PauseMenu.cs
  artifactKey: Guid(9edbd7d44ae55cd4fa0c24d3111a3fc9) Importer(815301076,1909f56bfc062723c751e8b465ee728b)
Start importing Assets/Scripts/SpaceGame/Game/PauseMenu.cs using Guid(9edbd7d44ae55cd4fa0c24d3111a3fc9) Importer(815301076,1909f56bfc062723c751e8b465ee728b)  -> (artifact id: 'b692880031935da9a45b328c84d5bfcf') in 0.008255 seconds
  Import took 0.017596 seconds .

========================================================================
Received Import Request.
  Time since last request: 4.105844 seconds.
  path: Assets/Scripts/SpaceGame/Game/PauseMenu.cs
  artifactKey: Guid(9edbd7d44ae55cd4fa0c24d3111a3fc9) Importer(815301076,1909f56bfc062723c751e8b465ee728b)
Start importing Assets/Scripts/SpaceGame/Game/PauseMenu.cs using Guid(9edbd7d44ae55cd4fa0c24d3111a3fc9) Importer(815301076,1909f56bfc062723c751e8b465ee728b)  -> (artifact id: 'c88846b64a9ae651f95ac6be37911ed9') in 0.007476 seconds
  Import took 0.014300 seconds .

========================================================================
Received Prepare
Registering precompiled user dll's ...
Registered in 0.003079 seconds.
Begin MonoManager ReloadAssembly
Native extension for WindowsStandalone target not found
Refreshing native plugins compatible for Editor in 0.56 ms, found 0 plugins.
Preloading 0 native plugins for Editor in 0.00 ms.
Invoked RoslynAnalysisRunner static constructor.
RoslynAnalysisRunner will not be running.
RoslynAnalysisRunner has terminated.
Mono: successfully reloaded assembly
- Completed reload, in  1.096 seconds
Platform modules already initialized, skipping
Shader 'Universal Render Pipeline/Particles/Lit': fallback shader 'Universal Render Pipeline/Particles/SimpleLit' not found
Refreshing native plugins compatible for Editor in 0.57 ms, found 0 plugins.
Preloading 0 native plugins for Editor in 0.00 ms.
Unloading 2357 Unused Serialized files (Serialized files now loaded: 0)
System memory in use before: 124.9 MB.
System memory in use after: 124.0 MB.

Unloading 29 unused Assets to reduce memory usage. Loaded Objects now: 2916.
Total: 3.792800 ms (FindLiveObjects: 0.410600 ms CreateObjectMapping: 0.118300 ms MarkObjects: 2.311700 ms  DeleteObjects: 0.950600 ms)

========================================================================
Received Import Request.
  Time since last request: 27.803754 seconds.
  path: Assets/Scripts/SpaceGame/Game/PauseMenu.cs
  artifactKey: Guid(9edbd7d44ae55cd4fa0c24d3111a3fc9) Importer(815301076,1909f56bfc062723c751e8b465ee728b)
Start importing Assets/Scripts/SpaceGame/Game/PauseMenu.cs using Guid(9edbd7d44ae55cd4fa0c24d3111a3fc9) Importer(815301076,1909f56bfc062723c751e8b465ee728b)  -> (artifact id: '0038a0cc3f29b431e23681039adc8ee3') in 0.010122 seconds
  Import took 0.015172 seconds .

========================================================================
Received Import Request.
  Time since last request: 0.062544 seconds.
  path: Assets/Scripts/SpaceGame/Game/PauseMenu.cs
  artifactKey: Guid(9edbd7d44ae55cd4fa0c24d3111a3fc9) Importer(815301076,1909f56bfc062723c751e8b465ee728b)
Start importing Assets/Scripts/SpaceGame/Game/PauseMenu.cs using Guid(9edbd7d44ae55cd4fa0c24d3111a3fc9) Importer(815301076,1909f56bfc062723c751e8b465ee728b)  -> (artifact id: '0038a0cc3f29b431e23681039adc8ee3') in 0.005958 seconds
  Import took 0.012558 seconds .

========================================================================
Received Prepare
Registering precompiled user dll's ...
Registered in 0.003636 seconds.
Begin MonoManager ReloadAssembly
Native extension for WindowsStandalone target not found
Refreshing native plugins compatible for Editor in 0.55 ms, found 0 plugins.
Preloading 0 native plugins for Editor in 0.00 ms.
Invoked RoslynAnalysisRunner static constructor.
RoslynAnalysisRunner will not be running.
RoslynAnalysisRunner has terminated.
Mono: successfully reloaded assembly
- Completed reload, in  1.105 seconds
Platform modules already initialized, skipping
Shader 'Universal Render Pipeline/Particles/Lit': fallback shader 'Universal Render Pipeline/Particles/SimpleLit' not found
Refreshing native plugins compatible for Editor in 0.52 ms, found 0 plugins.
Preloading 0 native plugins for Editor in 0.00 ms.
Unloading 2357 Unused Serialized files (Serialized files now loaded: 0)
System memory in use before: 124.9 MB.
System memory in use after: 124.0 MB.

Unloading 29 unused Assets to reduce memory usage. Loaded Objects now: 2918.
Total: 3.998600 ms (FindLiveObjects: 0.562300 ms CreateObjectMapping: 0.273500 ms MarkObjects: 2.243800 ms  DeleteObjects: 0.917100 ms)

========================================================================
Received Import Request.
  Time since last request: 11.575319 seconds.
  path: Assets/Scripts/SpaceGame/Game/PauseMenu.cs
  artifactKey: Guid(9edbd7d44ae55cd4fa0c24d3111a3fc9) Importer(815301076,1909f56bfc062723c751e8b465ee728b)
Start importing Assets/Scripts/SpaceGame/Game/PauseMenu.cs using Guid(9edbd7d44ae55cd4fa0c24d3111a3fc9) Importer(815301076,1909f56bfc062723c751e8b465ee728b)  -> (artifact id: '4054a667e7111e12a844d428693744ed') in 0.011430 seconds
  Import took 0.016776 seconds .

========================================================================
Received Import Request.
  Time since last request: 0.054838 seconds.
  path: Assets/Scripts/SpaceGame/Game/PauseMenu.cs
  artifactKey: Guid(9edbd7d44ae55cd4fa0c24d3111a3fc9) Importer(815301076,1909f56bfc062723c751e8b465ee728b)
Start importing Assets/Scripts/SpaceGame/Game/PauseMenu.cs using Guid(9edbd7d44ae55cd4fa0c24d3111a3fc9) Importer(815301076,1909f56bfc062723c751e8b465ee728b)  -> (artifact id: '4054a667e7111e12a844d428693744ed') in 0.008143 seconds
  Import took 0.014235 seconds .

========================================================================
Received Prepare
Registering precompiled user dll's ...
Registered in 0.003281 seconds.
Begin MonoManager ReloadAssembly
Native extension for WindowsStandalone target not found
Refreshing native plugins compatible for Editor in 0.55 ms, found 0 plugins.
Preloading 0 native plugins for Editor in 0.00 ms.
Invoked RoslynAnalysisRunner static constructor.
RoslynAnalysisRunner will not be running.
RoslynAnalysisRunner has terminated.
Mono: successfully reloaded assembly
- Completed reload, in  1.180 seconds
Platform modules already initialized, skipping
Shader 'Universal Render Pipeline/Particles/Lit': fallback shader 'Universal Render Pipeline/Particles/SimpleLit' not found
Refreshing native plugins compatible for Editor in 0.59 ms, found 0 plugins.
Preloading 0 native plugins for Editor in 0.00 ms.
Unloading 2357 Unused Serialized files (Serialized files now loaded: 0)
System memory in use before: 124.9 MB.
System memory in use after: 124.0 MB.

Unloading 29 unused Assets to reduce memory usage. Loaded Objects now: 2920.
Total: 3.865900 ms (FindLiveObjects: 0.361300 ms CreateObjectMapping: 0.257800 ms MarkObjects: 2.323700 ms  DeleteObjects: 0.921800 ms)

========================================================================
Received Prepare
Registering precompiled user dll's ...
Registered in 0.004088 seconds.
Begin MonoManager ReloadAssembly
Native extension for WindowsStandalone target not found
Refreshing native plugins compatible for Editor in 0.57 ms, found 0 plugins.
Preloading 0 native plugins for Editor in 0.00 ms.
Invoked RoslynAnalysisRunner static constructor.
RoslynAnalysisRunner will not be running.
RoslynAnalysisRunner has terminated.
Mono: successfully reloaded assembly
- Completed reload, in  1.104 seconds
Platform modules already initialized, skipping
Shader 'Universal Render Pipeline/Particles/Lit': fallback shader 'Universal Render Pipeline/Particles/SimpleLit' not found
Refreshing native plugins compatible for Editor in 0.51 ms, found 0 plugins.
Preloading 0 native plugins for Editor in 0.00 ms.
Unloading 2357 Unused Serialized files (Serialized files now loaded: 0)
System memory in use before: 125.0 MB.
System memory in use after: 124.0 MB.

Unloading 29 unused Assets to reduce memory usage. Loaded Objects now: 2922.
Total: 3.529600 ms (FindLiveObjects: 0.407000 ms CreateObjectMapping: 0.124600 ms MarkObjects: 2.109500 ms  DeleteObjects: 0.887300 ms)

========================================================================
Received Prepare
Registering precompiled user dll's ...
Registered in 0.004427 seconds.
Begin MonoManager ReloadAssembly
Native extension for WindowsStandalone target not found
Refreshing native plugins compatible for Editor in 0.55 ms, found 0 plugins.
Preloading 0 native plugins for Editor in 0.00 ms.
Invoked RoslynAnalysisRunner static constructor.
RoslynAnalysisRunner will not be running.
RoslynAnalysisRunner has terminated.
Mono: successfully reloaded assembly
- Completed reload, in  1.227 seconds
Platform modules already initialized, skipping
Shader 'Universal Render Pipeline/Particles/Lit': fallback shader 'Universal Render Pipeline/Particles/SimpleLit' not found
Refreshing native plugins compatible for Editor in 0.53 ms, found 0 plugins.
Preloading 0 native plugins for Editor in 0.00 ms.
Unloading 2357 Unused Serialized files (Serialized files now loaded: 0)
System memory in use before: 124.9 MB.
System memory in use after: 123.9 MB.

Unloading 29 unused Assets to reduce memory usage. Loaded Objects now: 2924.
Total: 3.630400 ms (FindLiveObjects: 0.295100 ms CreateObjectMapping: 0.161000 ms MarkObjects: 2.273700 ms  DeleteObjects: 0.899400 ms)

========================================================================
Received Prepare
Registering precompiled user dll's ...
Registered in 0.004218 seconds.
Begin MonoManager ReloadAssembly
Native extension for WindowsStandalone target not found
Refreshing native plugins compatible for Editor in 0.57 ms, found 0 plugins.
Preloading 0 native plugins for Editor in 0.00 ms.
Invoked RoslynAnalysisRunner static constructor.
RoslynAnalysisRunner will not be running.
RoslynAnalysisRunner has terminated.
Mono: successfully reloaded assembly
- Completed reload, in  1.393 seconds
Platform modules already initialized, skipping
Shader 'Universal Render Pipeline/Particles/Lit': fallback shader 'Universal Render Pipeline/Particles/SimpleLit' not found
Refreshing native plugins compatible for Editor in 0.56 ms, found 0 plugins.
Preloading 0 native plugins for Editor in 0.00 ms.
Unloading 2357 Unused Serialized files (Serialized files now loaded: 0)
System memory in use before: 124.9 MB.
System memory in use after: 124.0 MB.

Unloading 29 unused Assets to reduce memory usage. Loaded Objects now: 2926.
Total: 3.555800 ms (FindLiveObjects: 0.343800 ms CreateObjectMapping: 0.139800 ms MarkObjects: 2.145900 ms  DeleteObjects: 0.924600 ms)

========================================================================
Received Prepare
Registering precompiled user dll's ...
Registered in 0.003579 seconds.
Begin MonoManager ReloadAssembly
Native extension for WindowsStandalone target not found
Refreshing native plugins compatible for Editor in 0.86 ms, found 0 plugins.
Preloading 0 native plugins for Editor in 0.00 ms.
Invoked RoslynAnalysisRunner static constructor.
RoslynAnalysisRunner will not be running.
RoslynAnalysisRunner has terminated.
Mono: successfully reloaded assembly
- Completed reload, in  1.130 seconds
Platform modules already initialized, skipping
Shader 'Universal Render Pipeline/Particles/Lit': fallback shader 'Universal Render Pipeline/Particles/SimpleLit' not found
Refreshing native plugins compatible for Editor in 0.54 ms, found 0 plugins.
Preloading 0 native plugins for Editor in 0.00 ms.
Unloading 2357 Unused Serialized files (Serialized files now loaded: 0)
System memory in use before: 125.0 MB.
System memory in use after: 124.0 MB.

Unloading 29 unused Assets to reduce memory usage. Loaded Objects now: 2928.
Total: 3.531400 ms (FindLiveObjects: 0.445800 ms CreateObjectMapping: 0.129800 ms MarkObjects: 2.054300 ms  DeleteObjects: 0.900000 ms)

========================================================================
Received Prepare
Registering precompiled user dll's ...
Registered in 0.003341 seconds.
Begin MonoManager ReloadAssembly
Native extension for WindowsStandalone target not found
Refreshing native plugins compatible for Editor in 0.53 ms, found 0 plugins.
Preloading 0 native plugins for Editor in 0.00 ms.
Invoked RoslynAnalysisRunner static constructor.
RoslynAnalysisRunner will not be running.
RoslynAnalysisRunner has terminated.
Mono: successfully reloaded assembly
- Completed reload, in  1.065 seconds
Platform modules already initialized, skipping
Shader 'Universal Render Pipeline/Particles/Lit': fallback shader 'Universal Render Pipeline/Particles/SimpleLit' not found
Refreshing native plugins compatible for Editor in 0.52 ms, found 0 plugins.
Preloading 0 native plugins for Editor in 0.00 ms.
Unloading 2357 Unused Serialized files (Serialized files now loaded: 0)
System memory in use before: 124.9 MB.
System memory in use after: 124.0 MB.

Unloading 29 unused Assets to reduce memory usage. Loaded Objects now: 2930.
Total: 3.376800 ms (FindLiveObjects: 0.269000 ms CreateObjectMapping: 0.118200 ms MarkObjects: 2.072200 ms  DeleteObjects: 0.916000 ms)

========================================================================
Received Prepare
Registering precompiled user dll's ...
Registered in 0.003019 seconds.
Begin MonoManager ReloadAssembly
Native extension for WindowsStandalone target not found
Refreshing native plugins compatible for Editor in 0.82 ms, found 0 plugins.
Preloading 0 native plugins for Editor in 0.00 ms.
Invoked RoslynAnalysisRunner static constructor.
RoslynAnalysisRunner will not be running.
RoslynAnalysisRunner has terminated.
Mono: successfully reloaded assembly
- Completed reload, in  1.141 seconds
Platform modules already initialized, skipping
Shader 'Universal Render Pipeline/Particles/Lit': fallback shader 'Universal Render Pipeline/Particles/SimpleLit' not found
Refreshing native plugins compatible for Editor in 0.53 ms, found 0 plugins.
Preloading 0 native plugins for Editor in 0.00 ms.
Unloading 2357 Unused Serialized files (Serialized files now loaded: 0)
System memory in use before: 125.0 MB.
System memory in use after: 124.0 MB.

Unloading 29 unused Assets to reduce memory usage. Loaded Objects now: 2932.
Total: 4.222700 ms (FindLiveObjects: 0.467300 ms CreateObjectMapping: 0.169200 ms MarkObjects: 2.442900 ms  DeleteObjects: 1.142000 ms)

========================================================================
Received Prepare
Registering precompiled user dll's ...
Registered in 0.003351 seconds.
Begin MonoManager ReloadAssembly
Native extension for WindowsStandalone target not found
Refreshing native plugins compatible for Editor in 0.55 ms, found 0 plugins.
Preloading 0 native plugins for Editor in 0.00 ms.
Invoked RoslynAnalysisRunner static constructor.
RoslynAnalysisRunner will not be running.
RoslynAnalysisRunner has terminated.
Mono: successfully reloaded assembly
- Completed reload, in  1.112 seconds
Platform modules already initialized, skipping
Shader 'Universal Render Pipeline/Particles/Lit': fallback shader 'Universal Render Pipeline/Particles/SimpleLit' not found
Refreshing native plugins compatible for Editor in 0.56 ms, found 0 plugins.
Preloading 0 native plugins for Editor in 0.00 ms.
Unloading 2357 Unused Serialized files (Serialized files now loaded: 0)
System memory in use before: 124.9 MB.
System memory in use after: 123.9 MB.

Unloading 29 unused Assets to reduce memory usage. Loaded Objects now: 2934.
Total: 4.686900 ms (FindLiveObjects: 0.443900 ms CreateObjectMapping: 0.323400 ms MarkObjects: 2.843800 ms  DeleteObjects: 1.074200 ms)

========================================================================
Received Prepare
Registering precompiled user dll's ...
Registered in 0.003441 seconds.
Begin MonoManager ReloadAssembly
Native extension for WindowsStandalone target not found
Refreshing native plugins compatible for Editor in 0.58 ms, found 0 plugins.
Preloading 0 native plugins for Editor in 0.00 ms.
Invoked RoslynAnalysisRunner static constructor.
RoslynAnalysisRunner will not be running.
RoslynAnalysisRunner has terminated.
Mono: successfully reloaded assembly
- Completed reload, in  1.110 seconds
Platform modules already initialized, skipping
Shader 'Universal Render Pipeline/Particles/Lit': fallback shader 'Universal Render Pipeline/Particles/SimpleLit' not found
Refreshing native plugins compatible for Editor in 0.53 ms, found 0 plugins.
Preloading 0 native plugins for Editor in 0.00 ms.
Unloading 2358 Unused Serialized files (Serialized files now loaded: 0)
System memory in use before: 125.0 MB.
System memory in use after: 124.1 MB.

Unloading 29 unused Assets to reduce memory usage. Loaded Objects now: 2937.
Total: 3.282200 ms (FindLiveObjects: 0.272400 ms CreateObjectMapping: 0.114900 ms MarkObjects: 1.937000 ms  DeleteObjects: 0.956800 ms)

========================================================================
Received Import Request.
  Time since last request: 3096.411797 seconds.
  path: Assets/Scripts/SpaceGame/Game/OptionsMenu.cs
  artifactKey: Guid(31cf143482440d64186fb12d3d5d6c32) Importer(815301076,1909f56bfc062723c751e8b465ee728b)
Start importing Assets/Scripts/SpaceGame/Game/OptionsMenu.cs using Guid(31cf143482440d64186fb12d3d5d6c32) Importer(815301076,1909f56bfc062723c751e8b465ee728b)  -> (artifact id: '5d4665ef2a1c96d0a84d7b839923b93a') in 0.009364 seconds
  Import took 0.014356 seconds .

========================================================================
Received Prepare
Registering precompiled user dll's ...
Registered in 0.003584 seconds.
Begin MonoManager ReloadAssembly
Native extension for WindowsStandalone target not found
Refreshing native plugins compatible for Editor in 0.56 ms, found 0 plugins.
Preloading 0 native plugins for Editor in 0.00 ms.
Invoked RoslynAnalysisRunner static constructor.
RoslynAnalysisRunner will not be running.
RoslynAnalysisRunner has terminated.
Mono: successfully reloaded assembly
- Completed reload, in  1.103 seconds
Platform modules already initialized, skipping
Shader 'Universal Render Pipeline/Particles/Lit': fallback shader 'Universal Render Pipeline/Particles/SimpleLit' not found
Refreshing native plugins compatible for Editor in 0.54 ms, found 0 plugins.
Preloading 0 native plugins for Editor in 0.00 ms.
Unloading 2358 Unused Serialized files (Serialized files now loaded: 0)
System memory in use before: 125.0 MB.
System memory in use after: 124.1 MB.

Unloading 29 unused Assets to reduce memory usage. Loaded Objects now: 2939.
Total: 3.347800 ms (FindLiveObjects: 0.275600 ms CreateObjectMapping: 0.111500 ms MarkObjects: 2.070800 ms  DeleteObjects: 0.889000 ms)

========================================================================
Received Import Request.
  Time since last request: 570.216131 seconds.
  path: Assets/Scripts/SpaceGame/Game/OptionsMenu.cs
  artifactKey: Guid(31cf143482440d64186fb12d3d5d6c32) Importer(815301076,1909f56bfc062723c751e8b465ee728b)
Start importing Assets/Scripts/SpaceGame/Game/OptionsMenu.cs using Guid(31cf143482440d64186fb12d3d5d6c32) Importer(815301076,1909f56bfc062723c751e8b465ee728b)  -> (artifact id: '171058ff908c5a6982af745d5a499430') in 0.012735 seconds
  Import took 0.018471 seconds .

========================================================================
Received Import Request.
  Time since last request: 0.058848 seconds.
  path: Assets/Scripts/SpaceGame/Game/OptionsMenu.cs
  artifactKey: Guid(31cf143482440d64186fb12d3d5d6c32) Importer(815301076,1909f56bfc062723c751e8b465ee728b)
Start importing Assets/Scripts/SpaceGame/Game/OptionsMenu.cs using Guid(31cf143482440d64186fb12d3d5d6c32) Importer(815301076,1909f56bfc062723c751e8b465ee728b)  -> (artifact id: '171058ff908c5a6982af745d5a499430') in 0.008586 seconds
  Import took 0.015259 seconds .

========================================================================
Received Prepare
Registering precompiled user dll's ...
Registered in 0.003361 seconds.
Begin MonoManager ReloadAssembly
Native extension for WindowsStandalone target not found
Refreshing native plugins compatible for Editor in 0.54 ms, found 0 plugins.
Preloading 0 native plugins for Editor in 0.00 ms.
Invoked RoslynAnalysisRunner static constructor.
RoslynAnalysisRunner will not be running.
RoslynAnalysisRunner has terminated.
Mono: successfully reloaded assembly
- Completed reload, in  1.072 seconds
Platform modules already initialized, skipping
Shader 'Universal Render Pipeline/Particles/Lit': fallback shader 'Universal Render Pipeline/Particles/SimpleLit' not found
Refreshing native plugins compatible for Editor in 0.54 ms, found 0 plugins.
Preloading 0 native plugins for Editor in 0.00 ms.
Unloading 2358 Unused Serialized files (Serialized files now loaded: 0)
System memory in use before: 125.0 MB.
System memory in use after: 124.1 MB.

Unloading 29 unused Assets to reduce memory usage. Loaded Objects now: 2941.
Total: 3.363100 ms (FindLiveObjects: 0.348500 ms CreateObjectMapping: 0.114200 ms MarkObjects: 1.987500 ms  DeleteObjects: 0.911500 ms)

========================================================================
Received Import Request.
  Time since last request: 11.769849 seconds.
  path: Assets/Scripts/SpaceGame/Game/OptionsMenu.cs
  artifactKey: Guid(31cf143482440d64186fb12d3d5d6c32) Importer(815301076,1909f56bfc062723c751e8b465ee728b)
Start importing Assets/Scripts/SpaceGame/Game/OptionsMenu.cs using Guid(31cf143482440d64186fb12d3d5d6c32) Importer(815301076,1909f56bfc062723c751e8b465ee728b)  -> (artifact id: '11f8f70e17b8dafe84468bbe2ecdea8a') in 0.009420 seconds
  Import took 0.014594 seconds .

========================================================================
Received Import Request.
  Time since last request: 0.056908 seconds.
  path: Assets/Scripts/SpaceGame/Game/OptionsMenu.cs
  artifactKey: Guid(31cf143482440d64186fb12d3d5d6c32) Importer(815301076,1909f56bfc062723c751e8b465ee728b)
Start importing Assets/Scripts/SpaceGame/Game/OptionsMenu.cs using Guid(31cf143482440d64186fb12d3d5d6c32) Importer(815301076,1909f56bfc062723c751e8b465ee728b)  -> (artifact id: '11f8f70e17b8dafe84468bbe2ecdea8a') in 0.006614 seconds
  Import took 0.014148 seconds .

========================================================================
Received Prepare
Registering precompiled user dll's ...
Registered in 0.003606 seconds.
Begin MonoManager ReloadAssembly
Native extension for WindowsStandalone target not found
Refreshing native plugins compatible for Editor in 0.54 ms, found 0 plugins.
Preloading 0 native plugins for Editor in 0.00 ms.
Invoked RoslynAnalysisRunner static constructor.
RoslynAnalysisRunner will not be running.
RoslynAnalysisRunner has terminated.
Mono: successfully reloaded assembly
- Completed reload, in  1.126 seconds
Platform modules already initialized, skipping
Shader 'Universal Render Pipeline/Particles/Lit': fallback shader 'Universal Render Pipeline/Particles/SimpleLit' not found
Refreshing native plugins compatible for Editor in 0.54 ms, found 0 plugins.
Preloading 0 native plugins for Editor in 0.00 ms.
Unloading 2358 Unused Serialized files (Serialized files now loaded: 0)
System memory in use before: 125.0 MB.
System memory in use after: 124.1 MB.

Unloading 29 unused Assets to reduce memory usage. Loaded Objects now: 2943.
Total: 3.438800 ms (FindLiveObjects: 0.285900 ms CreateObjectMapping: 0.121100 ms MarkObjects: 2.115000 ms  DeleteObjects: 0.915200 ms)

========================================================================
Received Import Request.
  Time since last request: 158.346502 seconds.
  path: Assets/Scripts/SpaceGame/Game/OptionsMenu.cs
  artifactKey: Guid(31cf143482440d64186fb12d3d5d6c32) Importer(815301076,1909f56bfc062723c751e8b465ee728b)
Start importing Assets/Scripts/SpaceGame/Game/OptionsMenu.cs using Guid(31cf143482440d64186fb12d3d5d6c32) Importer(815301076,1909f56bfc062723c751e8b465ee728b)  -> (artifact id: '35622f11c2055a4cc6a85a23bb2d4a71') in 0.013420 seconds
  Import took 0.019813 seconds .

========================================================================
Received Import Request.
  Time since last request: 0.003090 seconds.
  path: Assets/Scripts/SpaceGame/Game/OptionsMenu.cs
  artifactKey: Guid(31cf143482440d64186fb12d3d5d6c32) Importer(815301076,1909f56bfc062723c751e8b465ee728b)
Start importing Assets/Scripts/SpaceGame/Game/OptionsMenu.cs using Guid(31cf143482440d64186fb12d3d5d6c32) Importer(815301076,1909f56bfc062723c751e8b465ee728b)  -> (artifact id: '35622f11c2055a4cc6a85a23bb2d4a71') in 0.007049 seconds
  Import took 0.014781 seconds .

========================================================================
Received Prepare
Registering precompiled user dll's ...
Registered in 0.003419 seconds.
Begin MonoManager ReloadAssembly
Native extension for WindowsStandalone target not found
Refreshing native plugins compatible for Editor in 0.61 ms, found 0 plugins.
Preloading 0 native plugins for Editor in 0.00 ms.
Invoked RoslynAnalysisRunner static constructor.
RoslynAnalysisRunner will not be running.
RoslynAnalysisRunner has terminated.
Mono: successfully reloaded assembly
- Completed reload, in  1.122 seconds
Platform modules already initialized, skipping
Shader 'Universal Render Pipeline/Particles/Lit': fallback shader 'Universal Render Pipeline/Particles/SimpleLit' not found
Refreshing native plugins compatible for Editor in 0.55 ms, found 0 plugins.
Preloading 0 native plugins for Editor in 0.00 ms.
Unloading 2358 Unused Serialized files (Serialized files now loaded: 0)
System memory in use before: 124.9 MB.
System memory in use after: 124.0 MB.

Unloading 29 unused Assets to reduce memory usage. Loaded Objects now: 2945.
Total: 3.945600 ms (FindLiveObjects: 0.304700 ms CreateObjectMapping: 0.124300 ms MarkObjects: 2.548800 ms  DeleteObjects: 0.966300 ms)

========================================================================
Received Import Request.
  Time since last request: 56.974936 seconds.
  path: Assets/Scripts/SpaceGame/Game/OptionsMenu.cs
  artifactKey: Guid(31cf143482440d64186fb12d3d5d6c32) Importer(815301076,1909f56bfc062723c751e8b465ee728b)
Start importing Assets/Scripts/SpaceGame/Game/OptionsMenu.cs using Guid(31cf143482440d64186fb12d3d5d6c32) Importer(815301076,1909f56bfc062723c751e8b465ee728b)  -> (artifact id: 'f2ebc55982b7e284ca954f849547a2d8') in 0.009402 seconds
  Import took 0.014532 seconds .

========================================================================
Received Prepare
Registering precompiled user dll's ...
Registered in 0.003221 seconds.
Begin MonoManager ReloadAssembly
Native extension for WindowsStandalone target not found
Refreshing native plugins compatible for Editor in 0.55 ms, found 0 plugins.
Preloading 0 native plugins for Editor in 0.00 ms.
Invoked RoslynAnalysisRunner static constructor.
RoslynAnalysisRunner will not be running.
RoslynAnalysisRunner has terminated.
Mono: successfully reloaded assembly
- Completed reload, in  1.101 seconds
Platform modules already initialized, skipping
Shader 'Universal Render Pipeline/Particles/Lit': fallback shader 'Universal Render Pipeline/Particles/SimpleLit' not found
Refreshing native plugins compatible for Editor in 0.57 ms, found 0 plugins.
Preloading 0 native plugins for Editor in 0.00 ms.
Unloading 2358 Unused Serialized files (Serialized files now loaded: 0)
System memory in use before: 125.0 MB.
System memory in use after: 124.1 MB.

Unloading 29 unused Assets to reduce memory usage. Loaded Objects now: 2947.
Total: 3.786200 ms (FindLiveObjects: 0.304000 ms CreateObjectMapping: 0.124300 ms MarkObjects: 2.265800 ms  DeleteObjects: 1.090400 ms)

========================================================================
Received Import Request.
  Time since last request: 924.634270 seconds.
  path: Assets/Prefabs/Player 1.prefab
  artifactKey: Guid(4499f120aad9d344baa4e39499593e21) Importer(815301076,1909f56bfc062723c751e8b465ee728b)
Start importing Assets/Prefabs/Player 1.prefab using Guid(4499f120aad9d344baa4e39499593e21) Importer(815301076,1909f56bfc062723c751e8b465ee728b)  -> (artifact id: '2d07b11e4cb73a2d7316c5a891c8afe0') in 0.430296 seconds
  Import took 0.442592 seconds .

========================================================================
Received Import Request.
  Time since last request: 36.162360 seconds.
  path: Assets/Settings/ForwardRenderer.asset
  artifactKey: Guid(4a8e21d5c33334b11b34a596161b9360) Importer(815301076,1909f56bfc062723c751e8b465ee728b)
Start importing Assets/Settings/ForwardRenderer.asset using Guid(4a8e21d5c33334b11b34a596161b9360) Importer(815301076,1909f56bfc062723c751e8b465ee728b)  -> (artifact id: '4ce04d25df492bc1bc56cb222492d53d') in 0.010427 seconds
  Import took 0.015886 seconds .

========================================================================
Received Prepare
Registering precompiled user dll's ...
Registered in 0.003366 seconds.
Begin MonoManager ReloadAssembly
Native extension for WindowsStandalone target not found
Refreshing native plugins compatible for Editor in 0.57 ms, found 0 plugins.
Preloading 0 native plugins for Editor in 0.00 ms.
Invoked RoslynAnalysisRunner static constructor.
RoslynAnalysisRunner will not be running.
RoslynAnalysisRunner has terminated.
Mono: successfully reloaded assembly
- Completed reload, in  1.150 seconds
Platform modules already initialized, skipping
Shader 'Universal Render Pipeline/Particles/Lit': fallback shader 'Universal Render Pipeline/Particles/SimpleLit' not found
Refreshing native plugins compatible for Editor in 0.65 ms, found 0 plugins.
Preloading 0 native plugins for Editor in 0.00 ms.
Unloading 2358 Unused Serialized files (Serialized files now loaded: 0)
System memory in use before: 130.3 MB.
System memory in use after: 129.4 MB.

Unloading 29 unused Assets to reduce memory usage. Loaded Objects now: 2995.
Total: 3.233100 ms (FindLiveObjects: 0.274700 ms CreateObjectMapping: 0.113600 ms MarkObjects: 2.014900 ms  DeleteObjects: 0.829000 ms)

AssetImportWorkerClient::OnTransportError - code=2 error=End of file
